[17:16:36] [ServerMain/INFO]: [bootstrap] Running Java 21 (OpenJDK 64-Bit Server VM 21.0.7+6-Ubuntu-0ubuntu120.04; Ubuntu null) on Linux 6.8.0-1027-azure (amd64)
[17:16:36] [ServerMain/INFO]: [bootstrap] Loading Paper 1.21-130-master@b1b5d4c (2024-08-10T10:02:42Z) for Minecraft 1.21
[17:16:36] [ServerMain/INFO]: [PluginInitializerManager] Initializing plugins...
[17:16:36] [ServerMain/INFO]: [PluginInitializerManager] Initialized 0 plugins
[17:16:37] [Paper Plugin Remapper Thread - 0/INFO]: [ReobfServer] Remapping server...
[17:16:43] [ServerMain/INFO]: Environment: Environment[sessionHost=https://sessionserver.mojang.com, servicesHost=https://api.minecraftservices.com, name=PROD]
[17:16:43] [ServerMain/INFO]: Found new data pack file/bukkit, loading it automatically
[17:16:43] [ServerMain/INFO]: Found new data pack paper, loading it automatically
[17:16:44] [ServerMain/INFO]: No existing world data, creating new world
[17:16:46] [ServerMain/INFO]: Loaded 1290 recipes
[17:16:46] [ServerMain/INFO]: Loaded 1399 advancements
[17:16:46] [Paper Plugin Remapper Thread - 0/INFO]: [ReobfServer] Done remapping server in 8914ms.
[17:16:46] [Server thread/INFO]: Starting minecraft server version 1.21
[17:16:46] [Server thread/INFO]: Loading properties
[17:16:46] [Server thread/INFO]: This server is running Paper version 1.21-130-master@b1b5d4c (2024-08-10T10:02:42Z) (Implementing API version 1.21-R0.1-SNAPSHOT)
[17:16:47] [Server thread/INFO]: [spark] This server bundles the spark profiler. For more information please visit https://docs.papermc.io/paper/profiling
[17:16:47] [Server thread/INFO]: Server Ping Player Sample Count: 12
[17:16:47] [Server thread/INFO]: Using 4 threads for Netty based IO
[17:16:48] [Server thread/INFO]: [ChunkTaskScheduler] Chunk system is using 1 I/O threads, 1 worker threads, and population gen parallelism of 1 threads
[17:16:48] [Server thread/INFO]: Default game type: SURVIVAL
[17:16:48] [Server thread/INFO]: Generating keypair
[17:16:48] [Server thread/INFO]: Starting Minecraft server on *:25565
[17:16:48] [Server thread/INFO]: Using epoll channel type
[17:16:48] [Server thread/INFO]: Paper: Using libdeflate (Linux x86_64) compression from Velocity.
[17:16:48] [Server thread/INFO]: Paper: Using OpenSSL 1.1.x (Linux x86_64) cipher from Velocity.
[17:16:49] [Server thread/WARN]: **** SERVER IS RUNNING IN OFFLINE/INSECURE MODE!
[17:16:49] [Server thread/WARN]: The server will make no attempt to authenticate usernames. Beware.
[17:16:49] [Server thread/WARN]: While this makes the game possible to play without internet access, it also opens up the ability for hackers to connect with any username they choose.
[17:16:49] [Server thread/WARN]: To change this, set "online-mode" to "true" in the server.properties file.
[17:16:49] [Server thread/INFO]: Preparing level "world"
[17:17:01] [Server thread/INFO]: Preparing start region for dimension minecraft:overworld
[17:17:09] [Server thread/INFO]: Time elapsed: 8797 ms
[17:17:09] [Server thread/INFO]: Preparing start region for dimension minecraft:the_nether
[17:17:11] [Server thread/INFO]: Time elapsed: 1859 ms
[17:17:11] [Server thread/INFO]: Preparing start region for dimension minecraft:the_end
[17:17:12] [Server thread/INFO]: Time elapsed: 611 ms
[17:17:12] [Server thread/INFO]: [spark] Starting background profiler...
[17:17:12] [Server thread/INFO]: Done preparing level "world" (23.821s)
[17:17:12] [Server thread/INFO]: Running delayed init tasks
[17:17:12] [Server thread/INFO]: Done (36.956s)! For help, type "help"
[17:17:12] [Server thread/INFO]: *************************************************************************************
[17:17:12] [Server thread/INFO]: This is the first time you're starting this server.
[17:17:12] [Server thread/INFO]: It's recommended you read our 'Getting Started' documentation for guidance.
[17:17:12] [Server thread/INFO]: View this and more helpful information here: https://docs.papermc.io/paper/next-steps
[17:17:12] [Server thread/INFO]: *************************************************************************************
[17:17:12] [Server thread/INFO]: Timings Reset
[17:22:34] [User Authenticator #0/INFO]: UUID of player Tronquito83 is 7a4f98d4-a205-3abc-ab69-b905cd96e9f3
[17:22:35] [Server thread/INFO]: Tronquito83 joined the game
[17:22:35] [Server thread/INFO]: Tronquito83[/127.181.34.75:59959] logged in with entity id 70 at ([world]-4.5, 66.0, -3.5)
[17:22:46] [Server thread/INFO]: Tronquito83 lost connection: Disconnected
[17:22:46] [Server thread/INFO]: Tronquito83 left the game
